c:\c++\golf\golf\x64\release\vc143.pdb
c:\c++\golf\golf\x64\release\titlescene.obj
c:\c++\golf\golf\x64\release\swinginput.obj
c:\c++\golf\golf\x64\release\stage.obj
c:\c++\golf\golf\x64\release\selectscene.obj
c:\c++\golf\golf\x64\release\scenemanager.obj
c:\c++\golf\golf\x64\release\resultscene.obj
c:\c++\golf\golf\x64\release\rankingmanager.obj
c:\c++\golf\golf\x64\release\playscene.obj
c:\c++\golf\golf\x64\release\network.obj
c:\c++\golf\golf\x64\release\nameinputscene.obj
c:\c++\golf\golf\x64\release\main.obj
c:\c++\golf\golf\x64\release\input.obj
c:\c++\golf\golf\x64\release\howtoscene.obj
c:\c++\golf\golf\x64\release\ghostmanagercpp.obj
c:\c++\golf\golf\x64\release\ball.obj
c:\c++\golf\x64\release\golf.exe
c:\c++\golf\x64\release\golf.pdb
c:\c++\golf\golf\x64\release\golf.ipdb
c:\c++\golf\golf\x64\release\golf.iobj
c:\c++\golf\golf\x64\release\golf.tlog\cl.command.1.tlog
c:\c++\golf\golf\x64\release\golf.tlog\cl.items.tlog
c:\c++\golf\golf\x64\release\golf.tlog\cl.read.1.tlog
c:\c++\golf\golf\x64\release\golf.tlog\cl.write.1.tlog
c:\c++\golf\golf\x64\release\golf.tlog\link.command.1.tlog
c:\c++\golf\golf\x64\release\golf.tlog\link.read.1.tlog
c:\c++\golf\golf\x64\release\golf.tlog\link.secondary.1.tlog
c:\c++\golf\golf\x64\release\golf.tlog\link.write.1.tlog
