  PlayScene.cpp
C:\C++\Golf\PlayScene.cpp(87,28): warning C4244: '引数': 'int' から 'float' への変換です。データが失われる可能性があります。
C:\C++\Golf\PlayScene.cpp(87,27): warning C4244: '=': 'float' から 'int' への変換です。データが失われる可能性があります。
C:\C++\Golf\PlayScene.cpp(254,14): warning C4244: '初期化中': 'float' から 'int' への変換です。データが失われる可能性があります。
C:\C++\Golf\PlayScene.cpp(315,17): warning C4244: '初期化中': 'double' から 'float' への変換です。データが失われる可能性があります。
C:\C++\Golf\PlayScene.cpp(317,17): warning C4244: '初期化中': 'double' から 'float' への変換です。データが失われる可能性があります。
C:\C++\Golf\PlayScene.cpp(334,36): warning C4244: '=': 'double' から 'float' への変換です。データが失われる可能性があります。
C:\C++\Golf\PlayScene.cpp(635,14): warning C4244: '初期化中': 'float' から 'int' への変換です。データが失われる可能性があります。
C:\C++\Golf\PlayScene.cpp(638,28): warning C4244: '引数': 'int' から 'float' への変換です。データが失われる可能性があります。
C:\C++\Golf\PlayScene.cpp(638,9): warning C4244: '初期化中': 'float' から 'int' への変換です。データが失われる可能性があります。
C:\C++\Golf\PlayScene.cpp(664,37): warning C4244: '引数': 'float' から 'int' への変換です。データが失われる可能性があります。
C:\C++\Golf\PlayScene.cpp(664,22): warning C4244: '引数': 'float' から 'int' への変換です。データが失われる可能性があります。
C:\C++\Golf\PlayScene.cpp(700,17): warning C4244: '初期化中': 'double' から 'float' への変換です。データが失われる可能性があります。
C:\C++\Golf\PlayScene.cpp(713,19): warning C4244: '初期化中': 'int' から 'float' への変換です。データが失われる可能性があります。
C:\C++\Golf\PlayScene.cpp(724,14): warning C4244: '初期化中': 'float' から 'int' への変換です。データが失われる可能性があります。
C:\C++\Golf\PlayScene.cpp(733,9): warning C4244: '初期化中': 'float' から 'int' への変換です。データが失われる可能性があります。
C:\C++\Golf\PlayScene.cpp(745,16): warning C4244: '初期化中': 'float' から 'int' への変換です。データが失われる可能性があります。
C:\C++\Golf\PlayScene.cpp(748,12): warning C4244: '初期化中': 'double' から 'int' への変換です。データが失われる可能性があります。
C:\C++\Golf\PlayScene.cpp(758,13): warning C4244: '初期化中': 'float' から 'int' への変換です。データが失われる可能性があります。
C:\C++\Golf\PlayScene.cpp(759,16): warning C4244: '初期化中': 'float' から 'int' への変換です。データが失われる可能性があります。
C:\C++\Golf\PlayScene.cpp(801,14): warning C4244: '初期化中': 'double' から 'float' への変換です。データが失われる可能性があります。
C:\C++\Golf\PlayScene.cpp(803,21): warning C4244: '初期化中': 'double' から 'float' への変換です。データが失われる可能性があります。
C:\C++\Golf\PlayScene.cpp(852,24): warning C4244: '引数': 'float' から 'int' への変換です。データが失われる可能性があります。
C:\C++\Golf\PlayScene.cpp(852,15): warning C4244: '引数': 'float' から 'int' への変換です。データが失われる可能性があります。
C:\C++\Golf\PlayScene.cpp(858,13): warning C4244: '初期化中': 'float' から 'int' への変換です。データが失われる可能性があります。
C:\C++\Golf\PlayScene.cpp(898,14): warning C4244: '初期化中': 'double' から 'float' への変換です。データが失われる可能性があります。
C:\C++\Golf\PlayScene.cpp(901,20): warning C4244: '引数': 'float' から 'int' への変換です。データが失われる可能性があります。
C:\C++\Golf\PlayScene.cpp(901,16): warning C4244: '引数': 'float' から 'int' への変換です。データが失われる可能性があります。
C:\C++\Golf\PlayScene.cpp(922,15): warning C4244: '初期化中': 'double' から 'float' への変換です。データが失われる可能性があります。
C:\C++\Golf\PlayScene.cpp(924,16): warning C4244: '初期化中': 'double' から 'float' への変換です。データが失われる可能性があります。
C:\C++\Golf\PlayScene.cpp(952,23): warning C4244: '初期化中': 'float' から 'int' への変換です。データが失われる可能性があります。
C:\C++\Golf\PlayScene.cpp(954,14): warning C4244: '初期化中': 'double' から 'float' への変換です。データが失われる可能性があります。
C:\C++\Golf\PlayScene.cpp(956,20): warning C4244: '引数': 'float' から 'int' への変換です。データが失われる可能性があります。
C:\C++\Golf\PlayScene.cpp(956,16): warning C4244: '引数': 'float' から 'int' への変換です。データが失われる可能性があります。
C:\C++\Golf\PlayScene.cpp(1006,24): warning C4244: '引数': 'float' から 'int' への変換です。データが失われる可能性があります。
C:\C++\Golf\PlayScene.cpp(1018,18): warning C4244: '初期化中': 'double' から 'float' への変換です。データが失われる可能性があります。
C:\C++\Golf\PlayScene.cpp(1045,16): warning C4244: '初期化中': 'double' から 'float' への変換です。データが失われる可能性があります。
C:\C++\Golf\PlayScene.cpp(1075,35): warning C4244: '引数': 'float' から 'int' への変換です。データが失われる可能性があります。
C:\C++\Golf\PlayScene.cpp(1075,21): warning C4244: '引数': 'float' から 'int' への変換です。データが失われる可能性があります。
C:\C++\Golf\PlayScene.cpp(1082,15): warning C4244: '初期化中': 'double' から 'float' への変換です。データが失われる可能性があります。
C:\C++\Golf\PlayScene.cpp(1083,15): warning C4244: '初期化中': 'double' から 'float' への変換です。データが失われる可能性があります。
C:\C++\Golf\PlayScene.cpp(1088,62): warning C4244: '引数': 'float' から 'int' への変換です。データが失われる可能性があります。
C:\C++\Golf\PlayScene.cpp(1088,36): warning C4244: '引数': 'float' から 'int' への変換です。データが失われる可能性があります。
C:\C++\Golf\PlayScene.cpp(1088,21): warning C4244: '引数': 'float' から 'int' への変換です。データが失われる可能性があります。
C:\C++\Golf\PlayScene.cpp(1088,13): warning C4244: '引数': 'float' から 'int' への変換です。データが失われる可能性があります。
C:\C++\Golf\PlayScene.cpp(1137,53): warning C4244: '引数': 'float' から 'int' への変換です。データが失われる可能性があります。
C:\C++\Golf\PlayScene.cpp(1137,39): warning C4244: '引数': 'float' から 'int' への変換です。データが失われる可能性があります。
C:\C++\Golf\PlayScene.cpp(1137,25): warning C4244: '引数': 'float' から 'int' への変換です。データが失われる可能性があります。
C:\C++\Golf\PlayScene.cpp(1138,59): warning C4244: '引数': 'float' から 'int' への変換です。データが失われる可能性があります。
C:\C++\Golf\PlayScene.cpp(1138,39): warning C4244: '引数': 'float' から 'int' への変換です。データが失われる可能性があります。
C:\C++\Golf\PlayScene.cpp(1138,25): warning C4244: '引数': 'float' から 'int' への変換です。データが失われる可能性があります。
C:\C++\Golf\PlayScene.cpp(1141,53): warning C4244: '引数': 'float' から 'int' への変換です。データが失われる可能性があります。
C:\C++\Golf\PlayScene.cpp(1141,39): warning C4244: '引数': 'float' から 'int' への変換です。データが失われる可能性があります。
C:\C++\Golf\PlayScene.cpp(1141,25): warning C4244: '引数': 'float' から 'int' への変換です。データが失われる可能性があります。
C:\C++\Golf\PlayScene.cpp(717,10): warning C4101: 'my': ローカル変数は 1 度も使われていません。
C:\C++\Golf\PlayScene.cpp(717,6): warning C4101: 'mx': ローカル変数は 1 度も使われていません。
C:\C++\Golf\PlayScene.cpp(1208,15): warning C4244: '初期化中': 'int' から 'float' への変換です。データが失われる可能性があります。
C:\C++\Golf\PlayScene.cpp(1214,14): warning C4244: '初期化中': 'double' から 'float' への変換です。データが失われる可能性があります。
C:\C++\Golf\PlayScene.cpp(1216,15): warning C4244: '初期化中': 'double' から 'float' への変換です。データが失われる可能性があります。
C:\C++\Golf\PlayScene.cpp(1262,15): warning C4244: '初期化中': 'int' から 'float' への変換です。データが失われる可能性があります。
C:\C++\Golf\PlayScene.cpp(1268,14): warning C4244: '初期化中': 'double' から 'float' への変換です。データが失われる可能性があります。
C:\C++\Golf\PlayScene.cpp(1270,15): warning C4244: '初期化中': 'double' から 'float' への変換です。データが失われる可能性があります。
C:\C++\Golf\PlayScene.cpp(1380,12): warning C4244: '初期化中': 'double' から 'float' への変換です。データが失われる可能性があります。
C:\C++\Golf\PlayScene.cpp(1382,15): warning C4244: '初期化中': 'double' から 'int' への変換です。データが失われる可能性があります。
C:\C++\Golf\PlayScene.cpp(1423,27): warning C4244: '引数': 'int' から 'float' への変換です。データが失われる可能性があります。
C:\C++\Golf\PlayScene.cpp(1423,26): warning C4244: '=': 'float' から 'int' への変換です。データが失われる可能性があります。
C:\C++\Golf\PlayScene.cpp(1443,24): warning C4244: '=': 'int' から 'float' への変換です。データが失われる可能性があります。
C:\C++\Golf\PlayScene.cpp(1473,13): warning C4244: '初期化中': 'double' から 'float' への変換です。データが失われる可能性があります。
C:\C++\Golf\PlayScene.cpp(1486,16): warning C4244: '初期化中': 'double' から 'float' への変換です。データが失われる可能性があります。
C:\C++\Golf\PlayScene.cpp(1492,16): warning C4244: '初期化中': 'double' から 'float' への変換です。データが失われる可能性があります。
C:\C++\Golf\PlayScene.cpp(1576,16): warning C4244: '初期化中': 'double' から 'float' への変換です。データが失われる可能性があります。
  コード生成しています。
  3 of 722 functions ( 0.4%) were compiled, the rest were copied from previous compilation.
    0 functions were new in current compilation
    5 functions had inline decision re-evaluated but remain unchanged
  コード生成が終了しました。
  Golf.vcxproj -> C:\C++\Golf\x64\Release\Golf.exe
