  PlayScene.cpp
C:\C++\Golf\PlayScene.cpp(81,28): warning C4244: '引数': 'int' から 'float' への変換です。データが失われる可能性があります。
C:\C++\Golf\PlayScene.cpp(81,27): warning C4244: '=': 'float' から 'int' への変換です。データが失われる可能性があります。
C:\C++\Golf\PlayScene.cpp(157,14): warning C4244: '初期化中': 'float' から 'int' への変換です。データが失われる可能性があります。
C:\C++\Golf\PlayScene.cpp(213,17): warning C4244: '初期化中': 'double' から 'float' への変換です。データが失われる可能性があります。
C:\C++\Golf\PlayScene.cpp(215,17): warning C4244: '初期化中': 'double' から 'float' への変換です。データが失われる可能性があります。
C:\C++\Golf\PlayScene.cpp(223,23): warning C4244: '=': 'double' から 'float' への変換です。データが失われる可能性があります。
C:\C++\Golf\PlayScene.cpp(400,14): warning C4244: '初期化中': 'float' から 'int' への変換です。データが失われる可能性があります。
C:\C++\Golf\PlayScene.cpp(403,28): warning C4244: '引数': 'int' から 'float' への変換です。データが失われる可能性があります。
C:\C++\Golf\PlayScene.cpp(403,9): warning C4244: '初期化中': 'float' から 'int' への変換です。データが失われる可能性があります。
C:\C++\Golf\PlayScene.cpp(423,37): warning C4244: '引数': 'float' から 'int' への変換です。データが失われる可能性があります。
C:\C++\Golf\PlayScene.cpp(423,22): warning C4244: '引数': 'float' から 'int' への変換です。データが失われる可能性があります。
C:\C++\Golf\PlayScene.cpp(465,17): warning C4244: '初期化中': 'double' から 'float' への変換です。データが失われる可能性があります。
C:\C++\Golf\PlayScene.cpp(478,19): warning C4244: '初期化中': 'int' から 'float' への変換です。データが失われる可能性があります。
C:\C++\Golf\PlayScene.cpp(489,14): warning C4244: '初期化中': 'float' から 'int' への変換です。データが失われる可能性があります。
C:\C++\Golf\PlayScene.cpp(496,16): warning C4244: '初期化中': 'float' から 'int' への変換です。データが失われる可能性があります。
C:\C++\Golf\PlayScene.cpp(499,12): warning C4244: '初期化中': 'double' から 'int' への変換です。データが失われる可能性があります。
C:\C++\Golf\PlayScene.cpp(505,9): warning C4244: '初期化中': 'float' から 'int' への変換です。データが失われる可能性があります。
C:\C++\Golf\PlayScene.cpp(540,14): warning C4244: '初期化中': 'double' から 'float' への変換です。データが失われる可能性があります。
C:\C++\Golf\PlayScene.cpp(542,21): warning C4244: '初期化中': 'double' から 'float' への変換です。データが失われる可能性があります。
C:\C++\Golf\PlayScene.cpp(592,24): warning C4244: '引数': 'float' から 'int' への変換です。データが失われる可能性があります。
C:\C++\Golf\PlayScene.cpp(592,15): warning C4244: '引数': 'float' から 'int' への変換です。データが失われる可能性があります。
C:\C++\Golf\PlayScene.cpp(598,13): warning C4244: '初期化中': 'float' から 'int' への変換です。データが失われる可能性があります。
C:\C++\Golf\PlayScene.cpp(638,14): warning C4244: '初期化中': 'double' から 'float' への変換です。データが失われる可能性があります。
C:\C++\Golf\PlayScene.cpp(641,20): warning C4244: '引数': 'float' から 'int' への変換です。データが失われる可能性があります。
C:\C++\Golf\PlayScene.cpp(641,16): warning C4244: '引数': 'float' から 'int' への変換です。データが失われる可能性があります。
C:\C++\Golf\PlayScene.cpp(662,15): warning C4244: '初期化中': 'double' から 'float' への変換です。データが失われる可能性があります。
C:\C++\Golf\PlayScene.cpp(664,16): warning C4244: '初期化中': 'double' から 'float' への変換です。データが失われる可能性があります。
C:\C++\Golf\PlayScene.cpp(692,23): warning C4244: '初期化中': 'float' から 'int' への変換です。データが失われる可能性があります。
C:\C++\Golf\PlayScene.cpp(694,14): warning C4244: '初期化中': 'double' から 'float' への変換です。データが失われる可能性があります。
C:\C++\Golf\PlayScene.cpp(696,20): warning C4244: '引数': 'float' から 'int' への変換です。データが失われる可能性があります。
C:\C++\Golf\PlayScene.cpp(696,16): warning C4244: '引数': 'float' から 'int' への変換です。データが失われる可能性があります。
C:\C++\Golf\PlayScene.cpp(745,23): warning C4244: '引数': 'float' から 'int' への変換です。データが失われる可能性があります。
C:\C++\Golf\PlayScene.cpp(756,18): warning C4244: '初期化中': 'double' から 'float' への変換です。データが失われる可能性があります。
C:\C++\Golf\PlayScene.cpp(758,15): warning C4244: '初期化中': 'double' から 'float' への変換です。データが失われる可能性があります。
C:\C++\Golf\PlayScene.cpp(759,15): warning C4244: '初期化中': 'double' から 'float' への変換です。データが失われる可能性があります。
C:\C++\Golf\PlayScene.cpp(768,14): warning C4244: '初期化中': 'double' から 'float' への変換です。データが失われる可能性があります。
C:\C++\Golf\PlayScene.cpp(770,20): warning C4244: '引数': 'float' から 'int' への変換です。データが失われる可能性があります。
C:\C++\Golf\PlayScene.cpp(770,16): warning C4244: '引数': 'float' から 'int' への変換です。データが失われる可能性があります。
C:\C++\Golf\PlayScene.cpp(776,53): warning C4244: '引数': 'float' から 'int' への変換です。データが失われる可能性があります。
C:\C++\Golf\PlayScene.cpp(776,34): warning C4244: '引数': 'float' から 'int' への変換です。データが失われる可能性があります。
C:\C++\Golf\PlayScene.cpp(776,20): warning C4244: '引数': 'float' から 'int' への変換です。データが失われる可能性があります。
C:\C++\Golf\PlayScene.cpp(776,13): warning C4244: '引数': 'float' から 'int' への変換です。データが失われる可能性があります。
C:\C++\Golf\PlayScene.cpp(823,52): warning C4244: '引数': 'float' から 'int' への変換です。データが失われる可能性があります。
C:\C++\Golf\PlayScene.cpp(823,38): warning C4244: '引数': 'float' から 'int' への変換です。データが失われる可能性があります。
C:\C++\Golf\PlayScene.cpp(823,24): warning C4244: '引数': 'float' から 'int' への変換です。データが失われる可能性があります。
C:\C++\Golf\PlayScene.cpp(482,10): warning C4101: 'my': ローカル変数は 1 度も使われていません。
C:\C++\Golf\PlayScene.cpp(482,6): warning C4101: 'mx': ローカル変数は 1 度も使われていません。
C:\C++\Golf\PlayScene.cpp(843,14): warning C4244: '初期化中': 'int' から 'float' への変換です。データが失われる可能性があります。
C:\C++\Golf\PlayScene.cpp(849,13): warning C4244: '初期化中': 'double' から 'float' への変換です。データが失われる可能性があります。
C:\C++\Golf\PlayScene.cpp(851,14): warning C4244: '初期化中': 'double' から 'float' への変換です。データが失われる可能性があります。
C:\C++\Golf\PlayScene.cpp(935,12): warning C4244: '初期化中': 'double' から 'float' への変換です。データが失われる可能性があります。
C:\C++\Golf\PlayScene.cpp(937,15): warning C4244: '初期化中': 'double' から 'int' への変換です。データが失われる可能性があります。
C:\C++\Golf\PlayScene.cpp(981,27): warning C4244: '引数': 'int' から 'float' への変換です。データが失われる可能性があります。
C:\C++\Golf\PlayScene.cpp(981,26): warning C4244: '=': 'float' から 'int' への変換です。データが失われる可能性があります。
C:\C++\Golf\PlayScene.cpp(999,24): warning C4244: '=': 'int' から 'float' への変換です。データが失われる可能性があります。
C:\C++\Golf\PlayScene.cpp(1029,13): warning C4244: '初期化中': 'double' から 'float' への変換です。データが失われる可能性があります。
C:\C++\Golf\PlayScene.cpp(1042,16): warning C4244: '初期化中': 'double' から 'float' への変換です。データが失われる可能性があります。
C:\C++\Golf\PlayScene.cpp(1048,16): warning C4244: '初期化中': 'double' から 'float' への変換です。データが失われる可能性があります。
C:\C++\Golf\PlayScene.cpp(1132,16): warning C4244: '初期化中': 'double' から 'float' への変換です。データが失われる可能性があります。
  Golf.vcxproj -> C:\C++\Golf\x64\Debug\Golf.exe
